<?xml version="1.0" encoding="UTF-8"?>
<testsuite xmlns:xsi="http://www.w3.org/2001/XMLSchema-instance" xsi:noNamespaceSchemaLocation="https://maven.apache.org/surefire/maven-surefire-plugin/xsd/surefire-test-report.xsd" name="TestSuite" time="6.642" tests="6" errors="0" skipped="0" failures="3">
  <properties>
[...]
</properties>
  <testcase name="createUserTest" classname="com.qa.api.tests.CreateUserWithJsonFileTest" time="0.288">
    <failure message="expected [201] but found [401]" type="java.lang.AssertionError">java.lang.AssertionError: expected [201] but found [401]
	at com.qa.api.tests.CreateUserWithJsonFileTest.createUserTest(CreateUserWithJsonFileTest.java:61)
</failure>
  </testcase>
  <testcase name="createUserTest" classname="com.qa.api.tests.CreateUserTestWithJsonStringTest" time="0.722"/>
  <testcase name="createUserTest" classname="com.qa.api.tests.CreateUserPostCallTest" time="0.576"/>
  <testcase name="getHeadersTest" classname="com.qa.api.tests.APIResponseHeadersTest" time="0.293"/>
  <testcase name="disposeResponseTest" classname="com.qa.api.tests.APIDisposeTest" time="0.457">
    <failure message="Response has been disposed" type="com.microsoft.playwright.PlaywrightException">com.microsoft.playwright.PlaywrightException: Response has been disposed
	at com.qa.api.tests.APIDisposeTest.disposeResponseTest(APIDisposeTest.java:67)
</failure>
    <system-out><![CDATA[response status code: 200
OK
----print api response with plain text----
[{"id":1052432,"name":"Chandravati Arora","email":"chandravati_arora@wintheiser.example","gender":"female","status":"active"},{"id":1052431,"name":"Apsara Embranthiri","email":"embranthiri_apsara@stroman.test","gender":"male","status":"inactive"},{"id":1052430,"name":"Prof. Varalakshmi Reddy","email":"varalakshmi_reddy_prof@witting-lockman.example","gender":"female","status":"active"},{"id":1052429,"name":"Harinarayan Malik","email":"malik_harinarayan@beier-cruickshank.example","gender":"female","status":"inactive"},{"id":1052428,"name":"Shwet Kaur","email":"shwet_kaur@simonis.example","gender":"female","status":"inactive"},{"id":1052427,"name":"Meghnath Sethi","email":"sethi_meghnath@wehner-botsford.test","gender":"male","status":"inactive"},{"id":1050756,"name":"Rajinder Ganaka","email":"ganaka_rajinder@murphy.test","gender":"male","status":"active"},{"id":1050755,"name":"Bhadra Pothuvaal","email":"pothuvaal_bhadra@white.example","gender":"male","status":"inactive"},{"id":1049098,"name":"Mandakini Nehru","email":"nehru_mandakini@grant.test","gender":"male","status":"active"},{"id":1048217,"name":"The Hon. Guru Khatri","email":"hon_guru_the_khatri@connelly.test","gender":"male","status":"active"}]
----print api response after dispose with plain text----
api response body is disposed
response status code after dispose: 200
OK
response url:https://gorest.co.in/public/v2/users
get response body for 2nd request:
status code:200
repose body:{"data":{"id":2,"email":"janet.weaver@reqres.in","first_name":"Janet","last_name":"Weaver","avatar":"https://reqres.in/img/faces/2-image.jpg"},"support":{"url":"https://reqres.in/#support-heading","text":"To keep ReqRes free, contributions towards server costs are appreciated!"}}
]]></system-out>
  </testcase>
  <testcase name="createUserTest" classname="com.qa.api.tests.CreateUserWithPOJOTest" time="0.216">
    <failure message="expected [201] but found [401]" type="java.lang.AssertionError">java.lang.AssertionError: expected [201] but found [401]
	at com.qa.api.tests.CreateUserWithPOJOTest.createUserTest(CreateUserWithPOJOTest.java:58)
</failure>
  </testcase>
</testsuite>